<?xml version="1.0" encoding="UTF-8"?>
<!-- Generated by org.testng.reporters.JUnitReportReporter -->
<testsuite hostname="Nuvobook_V1" failures="0" tests="1" name="sample.AnnotationsPractice" time="0.010" errors="0" timestamp="2025-03-18T13:05:39 IST" skipped="0">
  <testcase classname="sample.AnnotationsPractice" name="test" time="0.010"/>
</testsuite> <!-- sample.AnnotationsPractice -->
