<?xml version="1.0" encoding="UTF-8"?>
<!-- Generated by org.testng.reporters.JUnitReportReporter -->
<testsuite hostname="Nuvobook_V1" failures="0" tests="1" name="testCaseRepo.TC_001" time="36.633" errors="0" timestamp="2025-03-26T14:53:18 IST" skipped="0">
  <testcase classname="testCaseRepo.TC_001" name="LE_001" time="36.633">
    <system-out>
      <![CDATA[LE_001->On Test start
LE_001->On Test success]]>
    </system-out>
  </testcase> <!-- LE_001 -->
  <system-out>
    <![CDATA[LE_001->On Test start
LE_001->On Test success]]>
  </system-out>
</testsuite> <!-- testCaseRepo.TC_001 -->
