<?xml version="1.0" encoding="UTF-8"?>
<!-- Generated by org.testng.reporters.JUnitReportReporter -->
<testsuite hostname="Nuvobook_V1" failures="0" tests="1" name="testCaseRepo.TC_002" time="26.312" errors="0" timestamp="2025-03-22T16:00:09 IST" skipped="0">
  <testcase classname="testCaseRepo.TC_002" name="LE_002" time="26.312">
    <system-out>
      <![CDATA[LE_002->On Test start
LE_002->On Test success]]>
    </system-out>
  </testcase> <!-- LE_002 -->
  <system-out>
    <![CDATA[LE_002->On Test start
LE_003->On Test start
LE_002->On Test success
LE_003->On Test success
LE_001->On Test start
CON_001->On Test start
LE_001->On Test failure
CON_001->On Test success
CON_003->On Test start
CON_003->On Test start
CON_003->On Test success
CON_003->On Test success
CO_005->On Test start
CO_005->On Test start
CO_005->On Test success
CO_005->On Test success]]>
  </system-out>
</testsuite> <!-- testCaseRepo.TC_002 -->
