<?xml version="1.0" encoding="UTF-8"?>
<!-- Generated by org.testng.reporters.JUnitReportReporter -->
<testsuite hostname="Nuvobook_V1" failures="0" tests="1" name="testCaseRepo.TC_005" time="25.226" errors="0" timestamp="2025-04-03T15:12:22 IST" skipped="0">
  <testcase classname="testCaseRepo.TC_005" name="CO_005" time="25.226"/>
</testsuite> <!-- testCaseRepo.TC_005 -->
