<?xml version="1.0" encoding="UTF-8"?>
<!-- Generated by org.testng.reporters.JUnitReportReporter -->
<testsuite hostname="Nuvobook_V1" failures="0" tests="2" name="testCaseRepo.TC_001" time="30.819" errors="0" timestamp="2025-04-03T14:44:08 IST" skipped="0">
  <testcase classname="testCaseRepo.TC_001" name="demo" time="7.136">
    <system-out>
      <![CDATA[demo->On Test start
demo->On Test success]]>
    </system-out>
  </testcase> <!-- demo -->
  <testcase classname="testCaseRepo.TC_001" name="LE_001" time="23.683">
    <system-out>
      <![CDATA[LE_001->On Test start
LE_001->On Test success]]>
    </system-out>
  </testcase> <!-- LE_001 -->
  <system-out>
    <![CDATA[LE_003->On Test start
LE_003->On Test success
LE_001->On Test start
LE_001->On Test success
demo->On Test start
demo->On Test success]]>
  </system-out>
</testsuite> <!-- testCaseRepo.TC_001 -->
