<?xml version="1.0" encoding="UTF-8"?>
<!-- Generated by org.testng.reporters.JUnitReportReporter -->
<testsuite hostname="Nuvobook_V1" failures="0" tests="2" name="testCaseRepo.TC_006" time="51.677" errors="0" timestamp="2025-03-22T16:00:09 IST" skipped="0">
  <testcase classname="testCaseRepo.TC_006" name="CON_003" time="25.662">
    <system-out>
      <![CDATA[CON_003->On Test start
CON_003->On Test success]]>
    </system-out>
  </testcase> <!-- CON_003 -->
  <testcase classname="testCaseRepo.TC_006" name="CON_003" time="26.015">
    <system-out>
      <![CDATA[CON_003->On Test start
CON_003->On Test success]]>
    </system-out>
  </testcase> <!-- CON_003 -->
  <system-out>
    <![CDATA[LE_002->On Test start
LE_003->On Test start
LE_002->On Test success
LE_003->On Test success
LE_001->On Test start
CON_001->On Test start
LE_001->On Test failure
CON_001->On Test success
CON_003->On Test start
CON_003->On Test start
CON_003->On Test success
CON_003->On Test success
CO_005->On Test start
CO_005->On Test start
CO_005->On Test success
CO_005->On Test success]]>
  </system-out>
</testsuite> <!-- testCaseRepo.TC_006 -->
