<?xml version="1.0" encoding="UTF-8"?>
<!-- Generated by org.testng.reporters.JUnitReportReporter -->
<testsuite hostname="Nuvobook_V1" failures="0" tests="5" name="sample.TestNGPractice" time="0.019" errors="0" timestamp="2025-03-13T16:08:59 IST" skipped="0">
  <testcase classname="sample.TestNGPractice" name="createUser" time="0.009"/>
  <testcase classname="sample.TestNGPractice" name="createUser" time="0.001"/>
  <testcase classname="sample.TestNGPractice" name="createUser" time="0.007"/>
  <testcase classname="sample.TestNGPractice" name="modifyUser" time="0.001"/>
  <testcase classname="sample.TestNGPractice" name="deleteUser" time="0.001"/>
</testsuite> <!-- sample.TestNGPractice -->
