<?xml version="1.0" encoding="UTF-8"?>
<!-- Generated by org.testng.reporters.JUnitReportReporter -->
<testsuite hostname="Nuvobook_V1" failures="0" tests="1" name="testCaseRepo.TC_004" time="26.446" errors="0" timestamp="2025-03-22T16:00:09 IST" skipped="0">
  <testcase classname="testCaseRepo.TC_004" name="CON_001" time="26.446">
    <system-out>
      <![CDATA[CON_001->On Test start
CON_001->On Test success]]>
    </system-out>
  </testcase> <!-- CON_001 -->
  <system-out>
    <![CDATA[LE_002->On Test start
LE_003->On Test start
LE_002->On Test success
LE_003->On Test success
LE_001->On Test start
CON_001->On Test start
LE_001->On Test failure
CON_001->On Test success
CON_003->On Test start
CON_003->On Test start
CON_003->On Test success
CON_003->On Test success
CO_005->On Test start
CO_005->On Test start
CO_005->On Test success
CO_005->On Test success]]>
  </system-out>
</testsuite> <!-- testCaseRepo.TC_004 -->
