<?xml version="1.0" encoding="UTF-8"?>
<!-- Generated by org.testng.reporters.JUnitReportReporter -->
<testsuite hostname="Nuvobook_V1" failures="0" tests="1" name="testCaseRepo.TC_002" time="24.132" errors="0" timestamp="2025-03-27T14:50:00 IST" skipped="0">
  <testcase classname="testCaseRepo.TC_002" name="LE_002" time="24.132"/>
</testsuite> <!-- testCaseRepo.TC_002 -->
