<?xml version="1.0" encoding="UTF-8"?>
<!-- Generated by org.testng.reporters.JUnitReportReporter -->
<testsuite hostname="Nuvobook_V1" failures="0" tests="1" name="testCaseRepo.TC_004" time="23.693" errors="0" timestamp="2025-03-27T14:50:00 IST" skipped="0">
  <testcase classname="testCaseRepo.TC_004" name="CON_001" time="23.693"/>
</testsuite> <!-- testCaseRepo.TC_004 -->
