<?xml version="1.0" encoding="UTF-8"?>
<!-- Generated by org.testng.reporters.JUnitReportReporter -->
<testsuite hostname="Nuvobook_V1" failures="0" tests="5" name="sample.TestNGPractice" time="0.010" errors="0" timestamp="2025-03-25T15:55:00 IST" skipped="0">
  <testcase classname="sample.TestNGPractice" name="createUser" time="0.000"/>
  <testcase classname="sample.TestNGPractice" name="createUser" time="0.004"/>
  <testcase classname="sample.TestNGPractice" name="createUser" time="0.000"/>
  <testcase classname="sample.TestNGPractice" name="modifyUser" time="0.000"/>
  <testcase classname="sample.TestNGPractice" name="deleteUser" time="0.006"/>
</testsuite> <!-- sample.TestNGPractice -->
